2022-08-02 00:28:29 INFO Running runs: []
2022-08-02 00:28:29 INFO Agent received command: run
2022-08-02 00:28:29 INFO Agent starting run with config:
	learning_rate: 0.002822662964155123
	optimizer: adam
2022-08-02 00:28:29 INFO About to run command: /usr/bin/env python "run-timbre-vae.py -c config/music-vae.yaml" --learning_rate=0.002822662964155123 --optimizer=adam
2022-08-02 00:28:34 INFO Running runs: ['bzxb25gh']
2022-08-02 00:28:34 INFO Cleaning up finished run: bzxb25gh
2022-08-02 00:28:35 INFO Agent received command: run
2022-08-02 00:28:35 INFO Agent starting run with config:
	learning_rate: 0.002526848228543126
	optimizer: sgd
2022-08-02 00:28:35 INFO About to run command: /usr/bin/env python "run-timbre-vae.py -c config/music-vae.yaml" --learning_rate=0.002526848228543126 --optimizer=sgd
2022-08-02 00:28:40 INFO Running runs: ['pvnforlu']
2022-08-02 00:28:40 INFO Cleaning up finished run: pvnforlu
2022-08-02 00:28:41 INFO Agent received command: run
2022-08-02 00:28:41 INFO Agent starting run with config:
	learning_rate: 0.004883238759734099
	optimizer: sgd
2022-08-02 00:28:41 INFO About to run command: /usr/bin/env python "run-timbre-vae.py -c config/music-vae.yaml" --learning_rate=0.004883238759734099 --optimizer=sgd
2022-08-02 00:28:46 INFO Running runs: ['70r7lxp0']
2022-08-02 00:28:46 ERROR Detected 3 failed runs in the first 60 seconds, shutting down.
2022-08-02 00:28:46 INFO To disable this check set WANDB_AGENT_DISABLE_FLAPPING=true
2022-08-02 00:34:22 INFO Running runs: []
2022-08-02 00:34:23 INFO Agent received command: run
2022-08-02 00:34:23 INFO Agent starting run with config:
	learning_rate: 0.0036024730912377714
	optimizer: sgd
2022-08-02 00:34:23 INFO About to run command: python3 run-timbre-vae.py -c config/music-vae.yaml
2022-08-02 00:34:28 INFO Running runs: ['wg5b1u2b']
2022-08-02 00:34:28 INFO Cleaning up finished run: wg5b1u2b
2022-08-02 00:34:29 INFO Agent received command: run
2022-08-02 00:34:29 INFO Agent starting run with config:
	learning_rate: 0.0017880380527206352
	optimizer: adam
2022-08-02 00:34:29 INFO About to run command: python3 run-timbre-vae.py -c config/music-vae.yaml
2022-08-02 00:34:34 INFO Running runs: ['n4r8rg1n']
2022-08-02 00:34:34 INFO Cleaning up finished run: n4r8rg1n
2022-08-02 00:34:35 INFO Agent received command: run
2022-08-02 00:34:35 INFO Agent starting run with config:
	learning_rate: 0.004832059301072469
	optimizer: sgd
2022-08-02 00:34:35 INFO About to run command: python3 run-timbre-vae.py -c config/music-vae.yaml
2022-08-02 00:34:40 INFO Running runs: ['ta22wa7b']
2022-08-02 00:34:40 ERROR Detected 3 failed runs in the first 60 seconds, shutting down.
2022-08-02 00:34:40 INFO To disable this check set WANDB_AGENT_DISABLE_FLAPPING=true
2022-08-02 00:35:55 INFO Running runs: []
2022-08-02 00:35:56 INFO Agent received command: run
2022-08-02 00:35:56 INFO Agent starting run with config:
	learning_rate: 0.004842564032341931
	optimizer: sgd
2022-08-02 00:35:56 INFO About to run command: python3 run-timbre-vae.py -c configs/music-vae.yaml
2022-08-02 00:36:01 INFO Running runs: ['svwqbsw0']
2022-08-02 00:36:01 INFO Cleaning up finished run: svwqbsw0
2022-08-02 00:36:01 INFO Agent received command: run
2022-08-02 00:36:01 INFO Agent starting run with config:
	learning_rate: 0.008691252958503443
	optimizer: sgd
2022-08-02 00:36:01 INFO About to run command: python3 run-timbre-vae.py -c configs/music-vae.yaml
2022-08-02 00:36:06 INFO Running runs: ['52myt5xc']
2022-08-02 00:36:06 INFO Cleaning up finished run: 52myt5xc
2022-08-02 00:36:07 INFO Agent received command: run
2022-08-02 00:36:07 INFO Agent starting run with config:
	learning_rate: 0.0016695678619531864
	optimizer: adam
2022-08-02 00:36:07 INFO About to run command: python3 run-timbre-vae.py -c configs/music-vae.yaml
2022-08-02 00:36:12 INFO Running runs: ['26vsns2r']
2022-08-02 00:36:12 ERROR Detected 3 failed runs in the first 60 seconds, shutting down.
2022-08-02 00:36:12 INFO To disable this check set WANDB_AGENT_DISABLE_FLAPPING=true
2022-08-02 00:36:45 INFO Running runs: []
2022-08-02 00:36:46 INFO Agent received command: run
2022-08-02 00:36:46 INFO Agent starting run with config:
	learning_rate: 0.0051325395003923545
	optimizer: adam
2022-08-02 00:36:46 INFO About to run command: python3 run-timbre-vae.py -c configs/music_vae.yaml
2022-08-02 00:36:51 INFO Running runs: ['1hniz6f2']
2022-08-02 00:38:59 INFO Running runs: []
2022-08-02 00:38:59 INFO Agent received command: run
2022-08-02 00:38:59 INFO Agent starting run with config:
	learning_rate: 0.001680921869070071
	optimizer: sgd
2022-08-02 00:38:59 INFO About to run command: python3 run-timbre-vae.py -c configs/music_vae.yaml
2022-08-02 00:39:04 INFO Running runs: ['wv2uut7z']
2022-08-02 01:02:22 ERROR 400 response executing GraphQL.
2022-08-02 01:02:22 ERROR {"errors":[{"message":"Invalid sweep config: invalid hyperparameter configuration: exp_params","path":["upsertSweep"]}],"data":{"upsertSweep":null}}
2022-08-02 01:02:22 ERROR Traceback (most recent call last):
  File "/opt/anaconda3/lib/python3.8/site-packages/wandb/sdk/lib/retry.py", line 108, in __call__
    result = self._call_fn(*args, **kwargs)
  File "/opt/anaconda3/lib/python3.8/site-packages/wandb/sdk/internal/internal_api.py", line 158, in execute
    return self.client.execute(*args, **kwargs)
  File "/opt/anaconda3/lib/python3.8/site-packages/wandb/vendor/gql-0.2.0/wandb_gql/client.py", line 52, in execute
    result = self._get_result(document, *args, **kwargs)
  File "/opt/anaconda3/lib/python3.8/site-packages/wandb/vendor/gql-0.2.0/wandb_gql/client.py", line 60, in _get_result
    return self.transport.execute(document, *args, **kwargs)
  File "/opt/anaconda3/lib/python3.8/site-packages/wandb/vendor/gql-0.2.0/wandb_gql/transport/requests.py", line 39, in execute
    request.raise_for_status()
  File "/opt/anaconda3/lib/python3.8/site-packages/requests/models.py", line 1022, in raise_for_status
    raise HTTPError(http_error_msg, response=self)
requests.exceptions.HTTPError: 400 Client Error: Bad Request for url: https://api.wandb.ai/graphql

During handling of the above exception, another exception occurred:

Traceback (most recent call last):
  File "/opt/anaconda3/lib/python3.8/site-packages/wandb/apis/normalize.py", line 25, in wrapper
    return func(*args, **kwargs)
  File "/opt/anaconda3/lib/python3.8/site-packages/wandb/sdk/internal/internal_api.py", line 1982, in upsert_sweep
    raise (e)
  File "/opt/anaconda3/lib/python3.8/site-packages/wandb/sdk/internal/internal_api.py", line 1967, in upsert_sweep
    response = self.gql(
  File "/opt/anaconda3/lib/python3.8/site-packages/wandb/sdk/lib/retry.py", line 124, in __call__
    if not check_retry_fn(e):
  File "/opt/anaconda3/lib/python3.8/site-packages/wandb/sdk/internal/internal_api.py", line 1958, in no_retry_4xx
    raise UsageError(body["errors"][0]["message"])
wandb.errors.UsageError: Invalid sweep config: invalid hyperparameter configuration: exp_params

During handling of the above exception, another exception occurred:

Traceback (most recent call last):
  File "/opt/anaconda3/lib/python3.8/site-packages/wandb/cli/cli.py", line 97, in wrapper
    return func(*args, **kwargs)
  File "/opt/anaconda3/lib/python3.8/site-packages/wandb/cli/cli.py", line 916, in sweep
    sweep_id, warnings = api.upsert_sweep(
  File "/opt/anaconda3/lib/python3.8/site-packages/wandb/apis/internal.py", line 102, in upsert_sweep
    return self.api.upsert_sweep(*args, **kwargs)
  File "/opt/anaconda3/lib/python3.8/site-packages/wandb/apis/normalize.py", line 61, in wrapper
    raise CommError(message, err).with_traceback(sys.exc_info()[2])
  File "/opt/anaconda3/lib/python3.8/site-packages/wandb/apis/normalize.py", line 25, in wrapper
    return func(*args, **kwargs)
  File "/opt/anaconda3/lib/python3.8/site-packages/wandb/sdk/internal/internal_api.py", line 1982, in upsert_sweep
    raise (e)
  File "/opt/anaconda3/lib/python3.8/site-packages/wandb/sdk/internal/internal_api.py", line 1967, in upsert_sweep
    response = self.gql(
  File "/opt/anaconda3/lib/python3.8/site-packages/wandb/sdk/lib/retry.py", line 124, in __call__
    if not check_retry_fn(e):
  File "/opt/anaconda3/lib/python3.8/site-packages/wandb/sdk/internal/internal_api.py", line 1958, in no_retry_4xx
    raise UsageError(body["errors"][0]["message"])
wandb.errors.CommError: Invalid sweep config: invalid hyperparameter configuration: exp_params

2022-08-02 01:02:57 INFO Running runs: []
2022-08-02 01:02:58 INFO Agent received command: run
2022-08-02 01:02:58 INFO Agent starting run with config:
	exp_params.LR: 0.008640266095918645
	optimizer: adam
2022-08-02 01:02:58 INFO About to run command: python3 run-timbre-vae.py -c configs/music_vae.yaml
2022-08-02 01:03:03 INFO Running runs: ['mbm5tlgq']
2022-08-02 01:03:45 INFO Cleaning up finished run: mbm5tlgq
2022-08-02 01:03:45 INFO Agent received command: run
2022-08-02 01:03:45 INFO Agent starting run with config:
	exp_params.LR: 0.009582132859803569
	optimizer: adam
2022-08-02 01:03:45 INFO About to run command: python3 run-timbre-vae.py -c configs/music_vae.yaml
2022-08-02 01:03:51 INFO Running runs: ['r5sj69qq']
2022-08-02 01:04:06 INFO Cleaning up finished run: r5sj69qq
2022-08-02 01:04:07 INFO Agent received command: run
2022-08-02 01:04:07 INFO Agent starting run with config:
	exp_params.LR: 0.0009164425024008712
	optimizer: sgd
2022-08-02 01:04:07 INFO About to run command: python3 run-timbre-vae.py -c configs/music_vae.yaml
2022-08-02 01:04:12 INFO Running runs: ['s3ghn80w']
2022-08-02 01:04:28 INFO Cleaning up finished run: s3ghn80w
2022-08-02 01:04:28 INFO Agent received command: run
2022-08-02 01:04:28 INFO Agent starting run with config:
	exp_params.LR: 0.0003336582650041917
	optimizer: sgd
2022-08-02 01:04:28 INFO About to run command: python3 run-timbre-vae.py -c configs/music_vae.yaml
2022-08-02 01:04:33 INFO Running runs: ['whbie217']
2022-08-02 01:04:49 INFO Cleaning up finished run: whbie217
2022-08-02 01:04:50 INFO Agent received command: run
2022-08-02 01:04:50 INFO Agent starting run with config:
	exp_params.LR: 0.007456619470855096
	optimizer: sgd
2022-08-02 01:04:50 INFO About to run command: python3 run-timbre-vae.py -c configs/music_vae.yaml
2022-08-02 01:04:55 INFO Running runs: ['dakk6tns']
2022-08-02 01:05:11 ERROR Detected 5 failed runs in a row, shutting down.
2022-08-02 01:05:11 INFO To change this value set WANDB_AGENT_MAX_INITIAL_FAILURES=val
2022-08-02 12:44:02 INFO Running runs: []
2022-08-02 12:44:02 INFO Agent received command: run
2022-08-02 12:44:02 INFO Agent starting run with config:
	exp_params.LR: 0.001054178255946858
	optimizer: adam
2022-08-02 12:44:02 INFO About to run command: python3 run-timbre-vae.py -c configs/music_vae.yaml
2022-08-02 12:44:07 INFO Running runs: ['lbqfni9g']
2022-08-02 13:18:40 INFO Running runs: []
2022-08-02 13:18:40 INFO Agent received command: run
2022-08-02 13:18:40 INFO Agent starting run with config:
	exp_params.LR: 0.003468856379358294
	optimizer: adam
2022-08-02 13:18:40 INFO About to run command: python3 run-timbre-vae.py -c configs/music_vae.yaml
2022-08-02 13:18:46 INFO Running runs: ['4fysqpt4']
2022-08-02 13:22:26 INFO Running runs: []
2022-08-02 13:22:26 INFO Agent received command: run
2022-08-02 13:22:26 INFO Agent starting run with config:
	exp_params.LR: 0.00984144142940037
	optimizer: sgd
2022-08-02 13:22:26 INFO About to run command: python3 run-timbre-vae.py -c configs/music_vae.yaml
2022-08-02 13:22:31 INFO Running runs: ['fs86tm89']
2022-08-02 13:52:16 INFO Running runs: []
2022-08-02 13:52:17 INFO Agent received command: run
2022-08-02 13:52:17 INFO Agent starting run with config:
	exp_params.LR: 0.0011391439687285032
	optimizer: adam
2022-08-02 13:52:17 INFO About to run command: python3 run-timbre-vae.py -c configs/music_vae.yaml
2022-08-02 13:52:22 INFO Running runs: ['2y40kkyp']
2022-08-16 00:33:37 INFO Running runs: []
2022-08-16 00:33:38 INFO Agent received command: run
2022-08-16 00:33:38 INFO Agent starting run with config:
	learning_rate: 0.0556661020362415
	optimizer: sgd
2022-08-16 00:33:38 INFO About to run command: /usr/bin/env python train.py --learning_rate=0.0556661020362415 --optimizer=sgd
2022-08-16 00:33:43 INFO Running runs: ['fhuzqjvr']
2022-08-16 00:33:43 INFO Cleaning up finished run: fhuzqjvr
2022-08-16 00:33:46 INFO Agent received command: run
2022-08-16 00:33:46 INFO Agent starting run with config:
	learning_rate: 0.022253116210542306
	optimizer: sgd
2022-08-16 00:33:46 INFO About to run command: /usr/bin/env python train.py --learning_rate=0.022253116210542306 --optimizer=sgd
2022-08-16 00:33:51 INFO Running runs: ['94zpgjzo']
2022-08-16 00:33:51 INFO Cleaning up finished run: 94zpgjzo
2022-08-16 00:35:57 INFO Running runs: []
2022-08-16 00:35:57 INFO Agent received command: run
2022-08-16 00:35:57 INFO Agent starting run with config:
	learning_rate: 0.014910663451688632
	optimizer: sgd
2022-08-16 00:35:57 INFO About to run command: /usr/bin/env python analysis/wandb_sweeps.py --learning_rate=0.014910663451688632 --optimizer=sgd
2022-08-16 00:36:02 INFO Running runs: ['by3aop0w']
2022-08-16 00:36:18 INFO Cleaning up finished run: by3aop0w
2022-08-16 00:36:19 INFO Agent received command: run
2022-08-16 00:36:19 INFO Agent starting run with config:
	learning_rate: 0.0655158727250505
	optimizer: sgd
2022-08-16 00:36:19 INFO About to run command: /usr/bin/env python analysis/wandb_sweeps.py --learning_rate=0.0655158727250505 --optimizer=sgd
2022-08-16 00:36:24 INFO Running runs: ['1uilwyt6']
2022-08-16 00:36:40 INFO Cleaning up finished run: 1uilwyt6
2022-08-16 00:36:40 INFO Agent received command: run
2022-08-16 00:36:40 INFO Agent starting run with config:
	learning_rate: 0.021743077981231013
	optimizer: adam
2022-08-16 00:36:40 INFO About to run command: /usr/bin/env python analysis/wandb_sweeps.py --learning_rate=0.021743077981231013 --optimizer=adam
2022-08-16 00:36:45 INFO Running runs: ['s4oano56']
2022-08-16 00:36:56 INFO Cleaning up finished run: s4oano56
2022-08-16 00:36:56 INFO Agent received command: run
2022-08-16 00:36:56 INFO Agent starting run with config:
	learning_rate: 0.02414461037862978
	optimizer: sgd
2022-08-16 00:36:57 INFO About to run command: /usr/bin/env python analysis/wandb_sweeps.py --learning_rate=0.02414461037862978 --optimizer=sgd
2022-08-16 00:37:02 INFO Running runs: ['zxng9jas']
2022-08-16 00:37:12 INFO Cleaning up finished run: zxng9jas
2022-08-16 00:38:37 INFO Running runs: []
2022-08-16 00:38:37 INFO Agent received command: run
2022-08-16 00:38:37 INFO Agent starting run with config:
	learning_rate: 0.2
	optimizer: adam
2022-08-16 00:38:37 INFO About to run command: /usr/bin/env python analysis/wandb_sweeps.py --learning_rate=0.2 --optimizer=adam
2022-08-16 00:38:42 INFO Running runs: ['qgzu531h']
2022-08-16 00:38:58 INFO Cleaning up finished run: qgzu531h
2022-08-16 00:38:59 INFO Agent received command: run
2022-08-16 00:38:59 INFO Agent starting run with config:
	learning_rate: 0.2
	optimizer: adam
2022-08-16 00:38:59 INFO About to run command: /usr/bin/env python analysis/wandb_sweeps.py --learning_rate=0.2 --optimizer=adam
2022-08-16 00:39:04 INFO Running runs: ['x9u1u1p4']
2022-08-16 00:39:21 INFO Cleaning up finished run: x9u1u1p4
2022-08-16 00:39:22 INFO Agent received command: run
2022-08-16 00:39:22 INFO Agent starting run with config:
	learning_rate: 0.1
	optimizer: adam
2022-08-16 00:39:22 INFO About to run command: /usr/bin/env python analysis/wandb_sweeps.py --learning_rate=0.1 --optimizer=adam
2022-08-16 00:39:27 INFO Running runs: ['qo8ftep0']
2022-08-16 00:39:43 INFO Cleaning up finished run: qo8ftep0
2022-08-16 00:39:43 INFO Agent received command: run
2022-08-16 00:39:43 INFO Agent starting run with config:
	learning_rate: 0.1
	optimizer: adam
2022-08-16 00:39:43 INFO About to run command: /usr/bin/env python analysis/wandb_sweeps.py --learning_rate=0.1 --optimizer=adam
2022-08-16 00:39:48 INFO Running runs: ['jfa4dhgn']
2022-08-16 00:40:01 INFO Cleaning up finished run: jfa4dhgn
2022-08-16 00:40:02 INFO Agent received command: run
2022-08-16 00:40:02 INFO Agent starting run with config:
	learning_rate: 0.3
	optimizer: adam
2022-08-16 00:40:02 INFO About to run command: /usr/bin/env python analysis/wandb_sweeps.py --learning_rate=0.3 --optimizer=adam
2022-08-16 00:40:07 INFO Running runs: ['06bqshka']
2022-08-16 00:40:24 INFO Cleaning up finished run: 06bqshka
2022-08-16 00:40:25 INFO Agent received command: run
2022-08-16 00:40:25 INFO Agent starting run with config:
	learning_rate: 0.3
	optimizer: adam
2022-08-16 00:40:25 INFO About to run command: /usr/bin/env python analysis/wandb_sweeps.py --learning_rate=0.3 --optimizer=adam
2022-08-16 00:40:30 INFO Running runs: ['o50k7fzm']
2022-08-16 00:40:46 INFO Cleaning up finished run: o50k7fzm
2022-08-16 00:40:47 INFO Agent received command: run
2022-08-16 00:40:47 INFO Agent starting run with config:
	learning_rate: 0.2
	optimizer: sgd
2022-08-16 00:40:47 INFO About to run command: /usr/bin/env python analysis/wandb_sweeps.py --learning_rate=0.2 --optimizer=sgd
2022-08-16 00:40:52 INFO Running runs: ['ndubkoi5']
2022-08-16 00:41:02 INFO Cleaning up finished run: ndubkoi5
2022-08-16 00:41:03 INFO Agent received command: run
2022-08-16 00:41:03 INFO Agent starting run with config:
	learning_rate: 0.1
	optimizer: sgd
2022-08-16 00:41:03 INFO About to run command: /usr/bin/env python analysis/wandb_sweeps.py --learning_rate=0.1 --optimizer=sgd
2022-08-16 00:41:08 INFO Running runs: ['4ktnhec3']
2022-08-16 00:41:24 INFO Cleaning up finished run: 4ktnhec3
2022-08-16 00:41:24 INFO Agent received command: run
2022-08-16 00:41:24 INFO Agent starting run with config:
	learning_rate: 0.1
	optimizer: adam
2022-08-16 00:41:24 INFO About to run command: /usr/bin/env python analysis/wandb_sweeps.py --learning_rate=0.1 --optimizer=adam
2022-08-16 00:41:30 INFO Running runs: ['42uyts0b']
2022-08-16 00:41:45 INFO Cleaning up finished run: 42uyts0b
2022-08-16 00:41:46 INFO Agent received command: run
2022-08-16 00:41:46 INFO Agent starting run with config:
	learning_rate: 0.3
	optimizer: sgd
2022-08-16 00:41:46 INFO About to run command: /usr/bin/env python analysis/wandb_sweeps.py --learning_rate=0.3 --optimizer=sgd
2022-08-16 00:41:51 INFO Running runs: ['npdxxex0']
2022-08-16 00:42:01 INFO Cleaning up finished run: npdxxex0
2022-08-16 00:42:02 INFO Agent received command: run
2022-08-16 00:42:02 INFO Agent starting run with config:
	learning_rate: 0.3
	optimizer: sgd
2022-08-16 00:42:02 INFO About to run command: /usr/bin/env python analysis/wandb_sweeps.py --learning_rate=0.3 --optimizer=sgd
2022-08-16 00:42:07 INFO Running runs: ['yeppr70x']
2022-08-16 00:42:23 INFO Cleaning up finished run: yeppr70x
2022-08-16 00:42:24 INFO Agent received command: run
2022-08-16 00:42:24 INFO Agent starting run with config:
	learning_rate: 0.2
	optimizer: sgd
2022-08-16 00:42:24 INFO About to run command: /usr/bin/env python analysis/wandb_sweeps.py --learning_rate=0.2 --optimizer=sgd
2022-08-16 00:42:29 INFO Running runs: ['rbomk777']
2022-08-16 00:44:45 INFO Running runs: []
2022-08-16 00:44:46 INFO Agent received command: run
2022-08-16 00:44:46 INFO Agent starting run with config:
	learning_rate: 0.1
	optimizer: adam
2022-08-16 00:44:46 INFO About to run command: /usr/bin/env python analysis/wandb_sweeps.py --learning_rate=0.1 --optimizer=adam
2022-08-16 00:44:51 INFO Running runs: ['denobc3u']
2022-08-16 00:45:01 INFO Cleaning up finished run: denobc3u
2022-08-16 00:45:02 INFO Agent received command: run
2022-08-16 00:45:02 INFO Agent starting run with config:
	learning_rate: 0.1
	optimizer: sgd
2022-08-16 00:45:02 INFO About to run command: /usr/bin/env python analysis/wandb_sweeps.py --learning_rate=0.1 --optimizer=sgd
2022-08-16 00:45:07 INFO Running runs: ['m4xdjgnq']
2022-08-16 00:45:17 INFO Cleaning up finished run: m4xdjgnq
2022-08-16 00:45:18 INFO Agent received command: run
2022-08-16 00:45:18 INFO Agent starting run with config:
	learning_rate: 0.2
	optimizer: adam
2022-08-16 00:45:18 INFO About to run command: /usr/bin/env python analysis/wandb_sweeps.py --learning_rate=0.2 --optimizer=adam
2022-08-16 00:45:23 INFO Running runs: ['mftyqvi9']
2022-08-16 00:45:33 INFO Cleaning up finished run: mftyqvi9
2022-08-16 00:45:34 INFO Agent received command: run
2022-08-16 00:45:34 INFO Agent starting run with config:
	learning_rate: 0.2
	optimizer: sgd
2022-08-16 00:45:34 INFO About to run command: /usr/bin/env python analysis/wandb_sweeps.py --learning_rate=0.2 --optimizer=sgd
2022-08-16 00:45:39 INFO Running runs: ['w2f2j8mz']
2022-08-16 00:45:55 INFO Cleaning up finished run: w2f2j8mz
2022-08-16 00:45:55 INFO Agent received command: run
2022-08-16 00:45:55 INFO Agent starting run with config:
	learning_rate: 0.3
	optimizer: adam
2022-08-16 00:45:55 INFO About to run command: /usr/bin/env python analysis/wandb_sweeps.py --learning_rate=0.3 --optimizer=adam
2022-08-16 00:46:00 INFO Running runs: ['rcp4qvcr']
2022-08-16 00:46:16 INFO Cleaning up finished run: rcp4qvcr
2022-08-16 00:46:17 INFO Agent received command: run
2022-08-16 00:46:17 INFO Agent starting run with config:
	learning_rate: 0.3
	optimizer: sgd
2022-08-16 00:46:17 INFO About to run command: /usr/bin/env python analysis/wandb_sweeps.py --learning_rate=0.3 --optimizer=sgd
2022-08-16 00:46:22 INFO Running runs: ['vagykn5g']
2022-08-16 00:46:36 INFO Cleaning up finished run: vagykn5g
2022-08-16 00:46:37 INFO Agent received command: exit
2022-08-16 00:46:37 INFO Received exit command. Killing runs and quitting.
2022-08-16 00:49:27 INFO Running runs: []
2022-08-16 00:49:27 INFO Agent received command: run
2022-08-16 00:49:27 INFO Agent starting run with config:
	learning_rate: [1, 1]
	optimizer: adam
2022-08-16 00:49:27 INFO About to run command: /usr/bin/env python analysis/wandb_sweeps.py "--learning_rate=[1, 1]" --optimizer=adam
2022-08-16 00:49:32 INFO Running runs: ['himo8swp']
2022-08-16 00:49:48 INFO Cleaning up finished run: himo8swp
2022-08-16 00:49:48 INFO Agent received command: run
2022-08-16 00:49:48 INFO Agent starting run with config:
	learning_rate: [1, 1]
	optimizer: sgd
2022-08-16 00:49:48 INFO About to run command: /usr/bin/env python analysis/wandb_sweeps.py "--learning_rate=[1, 1]" --optimizer=sgd
2022-08-16 00:49:53 INFO Running runs: ['wcubs2ht']
2022-08-16 00:50:09 INFO Cleaning up finished run: wcubs2ht
2022-08-16 00:50:10 INFO Agent received command: run
2022-08-16 00:50:10 INFO Agent starting run with config:
	learning_rate: [2, 2]
	optimizer: adam
2022-08-16 00:50:10 INFO About to run command: /usr/bin/env python analysis/wandb_sweeps.py "--learning_rate=[2, 2]" --optimizer=adam
2022-08-16 00:50:15 INFO Running runs: ['g15thl19']
2022-08-16 00:51:17 INFO Running runs: []
2022-08-16 00:51:17 INFO Agent received command: run
2022-08-16 00:51:17 INFO Agent starting run with config:
	learning_rate: [1, 1]
	optimizer: adam
2022-08-16 00:51:17 INFO About to run command: /usr/bin/env python analysis/wandb_sweeps.py "--learning_rate=[1, 1]" --optimizer=adam
2022-08-16 00:51:22 INFO Running runs: ['7evy4ije']
2022-08-18 16:38:06 INFO Running runs: []
2022-08-18 16:38:11 INFO Agent received command: run
2022-08-18 16:38:11 INFO Agent starting run with config:
	data_params.spectrogram.stft.params: [512, 256]
	exp_params.LR: 0.0006487689624318596
	exp_params.kld_weight: 4.053191013335488e-05
	model_params.loss.function: L2
	model_params.timbre_encoder.kernel_size: [4, 4]
2022-08-18 16:38:11 INFO About to run command: python3 run-generic.py -c configs/timbre_transfer.yaml
2022-08-18 16:38:12 INFO Running runs: []
2022-08-18 16:38:12 INFO Agent received command: run
2022-08-18 16:38:12 INFO Agent starting run with config:
	data_params.spectrogram.stft.params: [1024, 128]
	exp_params.LR: 0.0009486616294077804
	exp_params.kld_weight: 5.1772512188970054e-05
	model_params.loss.function: L2
	model_params.timbre_encoder.kernel_size: [4, 4]
2022-08-18 16:38:12 INFO About to run command: python3 run-generic.py -c configs/timbre_transfer.yaml
2022-08-18 16:38:16 INFO Running runs: ['bbq3avnb']
2022-08-18 16:38:17 INFO Running runs: ['my8578nw']
